2018-07-06 12:05:48,176 INFO o.a.j.u.JMeterUtils: Setting Locale to en_IN
2018-07-06 12:05:48,188 INFO o.a.j.JMeter: Loading user properties from: user.properties
2018-07-06 12:05:48,189 INFO o.a.j.JMeter: Loading system properties from: system.properties
2018-07-06 12:05:48,196 INFO o.a.j.JMeter: Copyright (c) 1998-2017 The Apache Software Foundation
2018-07-06 12:05:48,196 INFO o.a.j.JMeter: Version 3.3 r1808647
2018-07-06 12:05:48,196 INFO o.a.j.JMeter: java.version=1.8.0_161
2018-07-06 12:05:48,196 INFO o.a.j.JMeter: java.vm.name=Java HotSpot(TM) 64-Bit Server VM
2018-07-06 12:05:48,196 INFO o.a.j.JMeter: os.name=Windows 10
2018-07-06 12:05:48,197 INFO o.a.j.JMeter: os.arch=amd64
2018-07-06 12:05:48,197 INFO o.a.j.JMeter: os.version=10.0
2018-07-06 12:05:48,197 INFO o.a.j.JMeter: file.encoding=Cp1252
2018-07-06 12:05:48,197 INFO o.a.j.JMeter: Max memory     =3790077952
2018-07-06 12:05:48,197 INFO o.a.j.JMeter: Available Processors =4
2018-07-06 12:05:48,200 INFO o.a.j.JMeter: Default Locale=English (India)
2018-07-06 12:05:48,200 INFO o.a.j.JMeter: JMeter  Locale=English (India)
2018-07-06 12:05:48,200 INFO o.a.j.JMeter: JMeterHome=D:\apache-jmeter-3.3
2018-07-06 12:05:48,200 INFO o.a.j.JMeter: user.dir  =D:\apache-jmeter-3.3\bin
2018-07-06 12:05:48,201 INFO o.a.j.JMeter: PWD       =D:\apache-jmeter-3.3\bin
2018-07-06 12:05:57,207 INFO o.a.j.JMeter: IP: 169.254.99.161 Name: IN-TDWIVEDI FullName: IN-TDWIVEDI.mycom-internal.com
2018-07-06 12:05:57,392 INFO o.a.j.g.a.LookAndFeelCommand: Using look and feel: javax.swing.plaf.metal.MetalLookAndFeel [Metal, CrossPlatform]
2018-07-06 12:05:57,397 INFO o.a.j.JMeter: Loaded icon properties from org/apache/jmeter/images/icon.properties
2018-07-06 12:05:57,930 INFO o.a.j.e.u.CompoundVariable: Note: Function class names must contain the string: '.functions.'
2018-07-06 12:05:57,930 INFO o.a.j.e.u.CompoundVariable: Note: Function class names must not contain the string: '.gui.'
2018-07-06 12:05:58,799 INFO o.a.j.g.u.MenuFactory: Skipping org.apache.jmeter.assertions.BSFAssertion
2018-07-06 12:05:59,236 INFO o.a.j.g.u.MenuFactory: Skipping org.apache.jmeter.extractor.BSFPostProcessor
2018-07-06 12:05:59,270 INFO o.a.j.g.u.MenuFactory: Skipping org.apache.jmeter.modifiers.BSFPreProcessor
2018-07-06 12:05:59,300 INFO o.a.j.p.h.s.HTTPSamplerBase: Parser for text/html is org.apache.jmeter.protocol.http.parser.LagartoBasedHtmlParser
2018-07-06 12:05:59,301 INFO o.a.j.p.h.s.HTTPSamplerBase: Parser for application/xhtml+xml is org.apache.jmeter.protocol.http.parser.LagartoBasedHtmlParser
2018-07-06 12:05:59,301 INFO o.a.j.p.h.s.HTTPSamplerBase: Parser for application/xml is org.apache.jmeter.protocol.http.parser.LagartoBasedHtmlParser
2018-07-06 12:05:59,301 INFO o.a.j.p.h.s.HTTPSamplerBase: Parser for text/xml is org.apache.jmeter.protocol.http.parser.LagartoBasedHtmlParser
2018-07-06 12:05:59,301 INFO o.a.j.p.h.s.HTTPSamplerBase: Parser for text/vnd.wap.wml is org.apache.jmeter.protocol.http.parser.RegexpHTMLParser
2018-07-06 12:05:59,301 INFO o.a.j.p.h.s.HTTPSamplerBase: Parser for text/css is org.apache.jmeter.protocol.http.parser.CssParser
2018-07-06 12:05:59,641 INFO o.a.j.e.KeyToolUtils: keytool found at 'keytool'
2018-07-06 12:05:59,642 INFO o.a.j.p.h.p.ProxyControl: HTTP(S) Test Script Recorder SSL Proxy will use keys that support embedded 3rd party resources in file D:\apache-jmeter-3.3\bin\proxyserver.jks
2018-07-06 12:05:59,768 INFO o.a.j.g.u.MenuFactory: Skipping org.apache.jmeter.protocol.java.sampler.BSFSampler
2018-07-06 12:05:59,802 INFO o.a.j.s.FileServer: Default base='D:\apache-jmeter-3.3\bin'
2018-07-06 12:05:59,880 INFO o.a.j.g.u.MenuFactory: Skipping org.apache.jmeter.protocol.mongodb.config.MongoSourceElement
2018-07-06 12:05:59,880 INFO o.a.j.g.u.MenuFactory: Skipping org.apache.jmeter.protocol.mongodb.sampler.MongoScriptSampler
2018-07-06 12:06:00,374 INFO o.a.j.g.u.MenuFactory: Skipping org.apache.jmeter.timers.BSFTimer
2018-07-06 12:06:00,407 INFO o.a.j.g.u.MenuFactory: Skipping org.apache.jmeter.visualizers.BSFListener
2018-07-06 12:06:00,563 INFO o.a.j.s.SampleResult: Note: Sample TimeStamps are START times
2018-07-06 12:06:00,563 INFO o.a.j.s.SampleResult: sampleresult.default.encoding is set to ISO-8859-1
2018-07-06 12:06:00,564 INFO o.a.j.s.SampleResult: sampleresult.useNanoTime=true
2018-07-06 12:06:00,564 INFO o.a.j.s.SampleResult: sampleresult.nanoThreadSleep=5000
2018-07-06 12:06:27,748 INFO o.a.j.g.a.Load: Loading file: D:\Sapient backup\Keurig_Desktop_STG_R7.1_2018_R2_POC.jmx
2018-07-06 12:06:27,748 INFO o.a.j.s.FileServer: Set new base='D:\Sapient backup'
2018-07-06 12:06:27,850 INFO o.a.j.s.SaveService: Testplan (JMX) version: 2.2. Testlog (JTL) version: 2.2
2018-07-06 12:06:27,862 INFO o.a.j.s.SaveService: Using SaveService properties file encoding UTF-8
2018-07-06 12:06:27,863 INFO o.a.j.s.SaveService: Using SaveService properties version 3.2
2018-07-06 12:06:27,866 INFO o.a.j.s.SaveService: Loading file: D:\Sapient backup\Keurig_Desktop_STG_R7.1_2018_R2_POC.jmx
2018-07-06 12:06:27,904 INFO o.a.j.p.h.c.CacheManager: Will only cache the following methods: [2018-07-06 12:24:49,660 INFO o.a.j.e.StandardJMeterEngine: Running the test!
2018-07-06 12:24:49,662 INFO o.a.j.s.SampleEvent: List of sample_variables: []
2018-07-06 12:24:49,662 INFO o.a.j.s.SampleEvent: List of sample_variables: []
2018-07-06 12:24:49,678 INFO o.a.j.g.u.JMeterMenuBar: setRunning(true, *local*)
2018-07-06 12:24:49,867 INFO o.a.j.e.StandardJMeterEngine: Starting ThreadGroup: 1 : Thread Group
2018-07-06 12:24:49,867 INFO o.a.j.e.StandardJMeterEngine: Starting 1 threads for group Thread Group.
2018-07-06 12:24:49,867 INFO o.a.j.e.StandardJMeterEngine: Thread will continue on error
2018-07-06 12:24:49,867 INFO o.a.j.t.ThreadGroup: Starting thread group... number=1 threads=1 ramp-up=1 perThread=1000.0 delayedStart=false
2018-07-06 12:24:49,880 INFO o.a.j.t.ThreadGroup: Started thread group number 1
2018-07-06 12:24:49,880 INFO o.a.j.e.StandardJMeterEngine: All thread groups have been started
2018-07-06 12:24:49,881 INFO o.a.j.t.JMeterThread: Thread started: Thread Group 1-1
2018-07-06 12:24:55,054 INFO o.a.j.u.BeanShellTestElement: Count=4
2018-07-06 12:24:55,525 INFO o.a.j.u.BeanShellTestElement: Count=4
2018-07-06 12:24:55,882 INFO o.a.j.u.BeanShellTestElement: Count=4
2018-07-06 12:24:56,242 INFO o.a.j.u.BeanShellTestElement: Count=4
2018-07-06 12:24:56,601 INFO o.a.j.u.BeanShellTestElement: Count=4
2018-07-06 12:24:56,904 INFO o.a.j.u.BeanShellTestElement: Count=4
2018-07-06 12:24:57,222 INFO o.a.j.u.BeanShellTestElement: Count=4
2018-07-06 12:24:57,545 INFO o.a.j.u.BeanShellTestElement: Count=4
2018-07-06 12:24:57,852 INFO o.a.j.u.BeanShellTestElement: Count=4
2018-07-06 12:24:58,156 INFO o.a.j.u.BeanShellTestElement: Count=4
2018-07-06 12:24:58,457 INFO o.a.j.u.BeanShellTestElement: Count=4
2018-07-06 12:24:58,757 INFO o.a.j.u.BeanShellTestElement: Count=4
2018-07-06 12:24:59,057 INFO o.a.j.u.BeanShellTestElement: Count=4
2018-07-06 12:24:59,359 INFO o.a.j.u.BeanShellTestElement: Count=4
2018-07-06 12:24:59,661 INFO o.a.j.u.BeanShellTestElement: Count=4
2018-07-06 12:24:59,959 INFO o.a.j.u.BeanShellTestElement: Count=4
2018-07-06 12:25:00,256 INFO o.a.j.u.BeanShellTestElement: Count=4
2018-07-06 12:25:00,602 INFO o.a.j.u.BeanShellTestElement: Count=4
2018-07-06 12:25:00,904 INFO o.a.j.u.BeanShellTestElement: Count=4
2018-07-06 12:25:01,207 INFO o.a.j.u.BeanShellTestElement: Count=4
2018-07-06 12:25:01,517 INFO o.a.j.u.BeanShellTestElement: Count=4
2018-07-06 12:25:01,825 INFO o.a.j.u.BeanShellTestElement: Count=4
2018-07-06 12:25:02,155 INFO o.a.j.u.BeanShellTestElement: Count=4
2018-07-06 12:25:02,463 INFO o.a.j.u.BeanShellTestElement: Count=4
2018-07-06 12:25:02,806 INFO o.a.j.u.BeanShellTestElement: Count=4
2018-07-06 12:25:03,105 INFO o.a.j.u.BeanShellTestElement: Count=4
2018-07-06 12:25:03,410 INFO o.a.j.u.BeanShellTestElement: Count=4
2018-07-06 12:25:03,725 INFO o.a.j.u.BeanShellTestElement: Count=4
2018-07-06 12:25:04,051 INFO o.a.j.u.BeanShellTestElement: Count=4
2018-07-06 12:25:04,372 INFO o.a.j.u.BeanShellTestElement: Count=4
2018-07-06 12:25:04,668 INFO o.a.j.u.BeanShellTestElement: Count=4
2018-07-06 12:25:05,013 INFO o.a.j.u.BeanShellTestElement: Count=4
2018-07-06 12:25:05,319 INFO o.a.j.u.BeanShellTestElement: Count=4
2018-07-06 12:25:05,660 INFO o.a.j.u.BeanShellTestElement: Count=4
2018-07-06 12:25:06,006 INFO o.a.j.u.BeanShellTestElement: Count=4
2018-07-06 12:25:06,312 INFO o.a.j.u.BeanShellTestElement: Count=4
2018-07-06 12:25:06,623 INFO o.a.j.u.BeanShellTestElement: Count=4
2018-07-06 12:25:06,954 INFO o.a.j.u.BeanShellTestElement: Count=4
2018-07-06 12:25:07,296 INFO o.a.j.u.BeanShellTestElement: Count=4
2018-07-06 12:25:07,596 INFO o.a.j.u.BeanShellTestElement: Count=4
2018-07-06 12:25:07,923 INFO o.a.j.u.BeanShellTestElement: Count=4
2018-07-06 12:25:08,264 INFO o.a.j.u.BeanShellTestElement: Count=4
2018-07-06 12:25:08,595 INFO o.a.j.u.BeanShellTestElement: Count=4
2018-07-06 12:25:08,943 INFO o.a.j.u.BeanShellTestElement: Count=4
2018-07-06 12:25:09,276 INFO o.a.j.u.BeanShellTestElement: Count=4
2018-07-06 12:25:09,582 INFO o.a.j.u.BeanShellTestElement: Count=4
2018-07-06 12:25:09,881 INFO o.a.j.u.BeanShellTestElement: Count=4
2018-07-06 12:25:10,180 INFO o.a.j.u.BeanShellTestElement: Count=4
2018-07-06 12:25:10,485 INFO o.a.j.u.BeanShellTestElement: Count=4
2018-07-06 12:25:10,793 INFO o.a.j.u.BeanShellTestElement: Count=4
2018-07-06 12:25:11,091 INFO o.a.j.u.BeanShellTestElement: Count=4
2018-07-06 12:25:11,388 INFO o.a.j.u.BeanShellTestElement: Count=4
2018-07-06 12:25:11,697 INFO o.a.j.u.BeanShellTestElement: Count=4
2018-07-06 12:25:11,999 INFO o.a.j.u.BeanShellTestElement: Count=4
2018-07-06 12:25:12,305 INFO o.a.j.u.BeanShellTestElement: Count=4
2018-07-06 12:25:12,609 INFO o.a.j.u.BeanShellTestElement: Count=4
2018-07-06 12:25:12,904 INFO o.a.j.u.BeanShellTestElement: Count=4
2018-07-06 12:25:13,204 INFO o.a.j.u.BeanShellTestElement: Count=4
2018-07-06 12:25:13,500 INFO o.a.j.u.BeanShellTestElement: Count=4
2018-07-06 12:25:13,815 INFO o.a.j.u.BeanShellTestElement: Count=4
2018-07-06 12:25:14,122 INFO o.a.j.u.BeanShellTestElement: Count=4
2018-07-06 12:25:14,436 INFO o.a.j.u.BeanShellTestElement: Count=4
2018-07-06 12:25:14,741 INFO o.a.j.u.BeanShellTestElement: Count=4
2018-07-06 12:25:15,059 INFO o.a.j.u.BeanShellTestElement: Count=4
2018-07-06 12:25:15,368 INFO o.a.j.u.BeanShellTestElement: Count=4
2018-07-06 12:25:15,682 INFO o.a.j.u.BeanShellTestElement: Count=4
2018-07-06 12:25:15,987 INFO o.a.j.u.BeanShellTestElement: Count=4
2018-07-06 12:25:16,306 INFO o.a.j.u.BeanShellTestElement: Count=4
2018-07-06 12:25:16,633 INFO o.a.j.u.BeanShellTestElement: Count=4
2018-07-06 12:25:16,930 INFO o.a.j.u.BeanShellTestElement: Count=4
2018-07-06 12:25:17,240 INFO o.a.j.u.BeanShellTestElement: Count=4
2018-07-06 12:25:17,549 INFO o.a.j.u.BeanShellTestElement: Count=4
2018-07-06 12:25:17,860 INFO o.a.j.u.BeanShellTestElement: Count=4
2018-07-06 12:25:18,160 INFO o.a.j.u.BeanShellTestElement: Count=4
2018-07-06 12:25:18,454 INFO o.a.j.u.BeanShellTestElement: Count=4
2018-07-06 12:25:18,749 INFO o.a.j.u.BeanShellTestElement: Count=4
2018-07-06 12:25:19,080 INFO o.a.j.u.BeanShellTestElement: Count=4
2018-07-06 12:25:19,368 INFO o.a.j.g.a.Start: Stopping test
2018-07-06 12:25:19,389 INFO o.a.j.t.JMeterThread: Stopping: Thread Group 1-1
2018-07-06 12:25:19,390 WARN o.a.j.t.JMeterThread: Sampler is not Interruptible: JDBC Request
2018-07-06 12:25:19,419 INFO o.a.j.u.BeanShellTestElement: Count=4
2018-07-06 12:25:19,420 INFO o.a.j.t.JMeterThread: Thread finished: Thread Group 1-1
2018-07-06 12:25:19,420 INFO o.a.j.e.StandardJMeterEngine: Notifying test listeners of end of test
2018-07-06 12:25:19,640 INFO o.a.j.g.u.JMeterMenuBar: setRunning(false, *local*)
2018-07-06 12:25:31,475 INFO o.a.j.e.StandardJMeterEngine: Running the test!
2018-07-06 12:25:31,476 INFO o.a.j.s.SampleEvent: List of sample_variables: []
2018-07-06 12:25:31,479 INFO o.a.j.g.u.JMeterMenuBar: setRunning(true, *local*)
2018-07-06 12:25:31,705 INFO o.a.j.e.StandardJMeterEngine: Starting ThreadGroup: 1 : Thread Group
2018-07-06 12:25:31,706 INFO o.a.j.e.StandardJMeterEngine: Starting 1 threads for group Thread Group.
2018-07-06 12:25:31,706 INFO o.a.j.e.StandardJMeterEngine: Thread will continue on error
2018-07-06 12:25:31,706 INFO o.a.j.t.ThreadGroup: Starting thread group... number=1 threads=1 ramp-up=1 perThread=1000.0 delayedStart=false
2018-07-06 12:25:31,715 INFO o.a.j.t.ThreadGroup: Started thread group number 1
2018-07-06 12:25:31,715 INFO o.a.j.e.StandardJMeterEngine: All thread groups have been started
2018-07-06 12:25:31,716 INFO o.a.j.t.JMeterThread: Thread started: Thread Group 1-1
2018-07-06 12:25:35,787 INFO o.a.j.u.BeanShellTestElement: Count=4
2018-07-06 12:25:36,086 INFO o.a.j.u.BeanShellTestElement: Count=4
2018-07-06 12:25:36,415 INFO o.a.j.u.BeanShellTestElement: Count=4
2018-07-06 12:25:36,714 INFO o.a.j.u.BeanShellTestElement: Count=4
2018-07-06 12:25:37,024 INFO o.a.j.u.BeanShellTestElement: Count=4
2018-07-06 12:25:37,380 INFO o.a.j.u.BeanShellTestElement: Count=4
2018-07-06 12:25:37,741 INFO o.a.j.u.BeanShellTestElement: Count=4
2018-07-06 12:25:38,061 INFO o.a.j.u.BeanShellTestElement: Count=4
2018-07-06 12:25:38,362 INFO o.a.j.u.BeanShellTestElement: Count=4
2018-07-06 12:25:38,669 INFO o.a.j.u.BeanShellTestElement: Count=4
2018-07-06 12:25:38,972 INFO o.a.j.u.BeanShellTestElement: Count=4
2018-07-06 12:25:39,305 INFO o.a.j.u.BeanShellTestElement: Count=4
2018-07-06 12:25:39,603 INFO o.a.j.u.BeanShellTestElement: Count=4
2018-07-06 12:25:39,903 INFO o.a.j.u.BeanShellTestElement: Count=4
2018-07-06 12:25:40,254 INFO o.a.j.u.BeanShellTestElement: Count=4
2018-07-06 12:25:40,591 INFO o.a.j.u.BeanShellTestElement: Count=4
2018-07-06 12:25:40,897 INFO o.a.j.u.BeanShellTestElement: Count=4
2018-07-06 12:25:41,201 INFO o.a.j.u.BeanShellTestElement: Count=4
2018-07-06 12:25:41,497 INFO o.a.j.u.BeanShellTestElement: Count=4
2018-07-06 12:25:41,794 INFO o.a.j.u.BeanShellTestElement: Count=4
2018-07-06 12:25:42,092 INFO o.a.j.u.BeanShellTestElement: Count=4
2018-07-06 12:25:42,391 INFO o.a.j.u.BeanShellTestElement: Count=4
2018-07-06 12:25:42,689 INFO o.a.j.u.BeanShellTestElement: Count=4
2018-07-06 12:25:42,996 INFO o.a.j.u.BeanShellTestElement: Count=4
2018-07-06 12:25:43,326 INFO o.a.j.u.BeanShellTestElement: Count=4
2018-07-06 12:25:43,655 INFO o.a.j.u.BeanShellTestElement: Count=4
2018-07-06 12:25:43,965 INFO o.a.j.u.BeanShellTestElement: Count=4
2018-07-06 12:25:44,660 INFO o.a.j.u.BeanShellTestElement: Count=4
2018-07-06 12:25:44,976 INFO o.a.j.u.BeanShellTestElement: Count=4
2018-07-06 12:25:45,297 INFO o.a.j.u.BeanShellTestElement: Count=4
2018-07-06 12:25:45,631 INFO o.a.j.u.BeanShellTestElement: Count=4
2018-07-06 12:25:45,935 INFO o.a.j.u.BeanShellTestElement: Count=4
2018-07-06 12:25:46,240 INFO o.a.j.u.BeanShellTestElement: Count=4
2018-07-06 12:25:46,544 INFO o.a.j.u.BeanShellTestElement: Count=4
2018-07-06 12:25:46,843 INFO o.a.j.u.BeanShellTestElement: Count=4
2018-07-06 12:25:47,151 INFO o.a.j.u.BeanShellTestElement: Count=4
2018-07-06 12:25:47,451 INFO o.a.j.u.BeanShellTestElement: Count=4
2018-07-06 12:25:47,750 INFO o.a.j.u.BeanShellTestElement: Count=4
2018-07-06 12:25:48,105 INFO o.a.j.u.BeanShellTestElement: Count=4
2018-07-06 12:25:48,418 INFO o.a.j.u.BeanShellTestElement: Count=4
2018-07-06 12:25:48,734 INFO o.a.j.u.BeanShellTestElement: Count=4
2018-07-06 12:25:49,049 INFO o.a.j.u.BeanShellTestElement: Count=4
2018-07-06 12:25:49,379 INFO o.a.j.u.BeanShellTestElement: Count=4
2018-07-06 12:25:49,684 INFO o.a.j.u.BeanShellTestElement: Count=4
2018-07-06 12:25:49,990 INFO o.a.j.u.BeanShellTestElement: Count=4
2018-07-06 12:25:50,300 INFO o.a.j.u.BeanShellTestElement: Count=4
2018-07-06 12:25:50,654 INFO o.a.j.u.BeanShellTestElement: Count=4
2018-07-06 12:25:50,961 INFO o.a.j.u.BeanShellTestElement: Count=4
2018-07-06 12:25:51,286 INFO o.a.j.u.BeanShellTestElement: Count=4
2018-07-06 12:25:51,620 INFO o.a.j.u.BeanShellTestElement: Count=4
2018-07-06 12:25:51,929 INFO o.a.j.u.BeanShellTestElement: Count=4
2018-07-06 12:25:52,234 INFO o.a.j.u.BeanShellTestElement: Count=4
2018-07-06 12:25:52,560 INFO o.a.j.u.BeanShellTestElement: Count=4
2018-07-06 12:25:52,912 INFO o.a.j.u.BeanShellTestElement: Count=4
2018-07-06 12:25:53,210 INFO o.a.j.u.BeanShellTestElement: Count=4
2018-07-06 12:25:53,507 INFO o.a.j.u.BeanShellTestElement: Count=4
2018-07-06 12:25:53,808 INFO o.a.j.u.BeanShellTestElement: Count=4
2018-07-06 12:25:54,122 INFO o.a.j.u.BeanShellTestElement: Count=4
2018-07-06 12:25:54,461 INFO o.a.j.u.BeanShellTestElement: Count=4
2018-07-06 12:25:54,801 INFO o.a.j.u.BeanShellTestElement: Count=4
2018-07-06 12:25:55,149 INFO o.a.j.u.BeanShellTestElement: Count=4
2018-07-06 12:25:55,452 INFO o.a.j.u.BeanShellTestElement: Count=4
2018-07-06 12:25:55,753 INFO o.a.j.u.BeanShellTestElement: Count=4
2018-07-06 12:25:56,071 INFO o.a.j.u.BeanShellTestElement: Count=4
2018-07-06 12:25:56,411 INFO o.a.j.u.BeanShellTestElement: Count=4
2018-07-06 12:25:56,730 INFO o.a.j.u.BeanShellTestElement: Count=4
2018-07-06 12:25:57,059 INFO o.a.j.u.BeanShellTestElement: Count=4
2018-07-06 12:25:57,369 INFO o.a.j.u.BeanShellTestElement: Count=4
2018-07-06 12:25:57,682 INFO o.a.j.u.BeanShellTestElement: Count=4
2018-07-06 12:25:57,986 INFO o.a.j.u.BeanShellTestElement: Count=4
2018-07-06 12:25:58,287 INFO o.a.j.u.BeanShellTestElement: Count=4
2018-07-06 12:25:58,589 INFO o.a.j.u.BeanShellTestElement: Count=4
2018-07-06 12:25:58,897 INFO o.a.j.u.BeanShellTestElement: Count=4
2018-07-06 12:25:59,199 INFO o.a.j.u.BeanShellTestElement: Count=4
2018-07-06 12:25:59,510 INFO o.a.j.u.BeanShellTestElement: Count=4
2018-07-06 12:25:59,809 INFO o.a.j.u.BeanShellTestElement: Count=4
2018-07-06 12:26:00,110 INFO o.a.j.u.BeanShellTestElement: Count=4
2018-07-06 12:26:00,414 INFO o.a.j.u.BeanShellTestElement: Count=4
2018-07-06 12:26:00,727 INFO o.a.j.u.BeanShellTestElement: Count=4
2018-07-06 12:26:01,038 INFO o.a.j.u.BeanShellTestElement: Count=4
2018-07-06 12:26:01,357 INFO o.a.j.u.BeanShellTestElement: Count=4
2018-07-06 12:26:01,712 INFO o.a.j.u.BeanShellTestElement: Count=4
2018-07-06 12:26:02,040 INFO o.a.j.u.BeanShellTestElement: Count=4
2018-07-06 12:26:02,340 INFO o.a.j.u.BeanShellTestElement: Count=4
2018-07-06 12:26:02,642 INFO o.a.j.u.BeanShellTestElement: Count=4
2018-07-06 12:26:02,958 INFO o.a.j.u.BeanShellTestElement: Count=4
2018-07-06 12:26:03,266 INFO o.a.j.u.BeanShellTestElement: Count=4
2018-07-06 12:26:03,574 INFO o.a.j.u.BeanShellTestElement: Count=4
2018-07-06 12:26:03,884 INFO o.a.j.u.BeanShellTestElement: Count=4
2018-07-06 12:26:04,183 INFO o.a.j.u.BeanShellTestElement: Count=4
2018-07-06 12:26:04,482 INFO o.a.j.u.BeanShellTestElement: Count=4
2018-07-06 12:26:04,783 INFO o.a.j.u.BeanShellTestElement: Count=4
2018-07-06 12:26:05,091 INFO o.a.j.u.BeanShellTestElement: Count=4
2018-07-06 12:26:05,435 INFO o.a.j.u.BeanShellTestElement: Count=4
2018-07-06 12:26:05,749 INFO o.a.j.u.BeanShellTestElement: Count=4
2018-07-06 12:26:06,059 INFO o.a.j.u.BeanShellTestElement: Count=4
2018-07-06 12:26:06,379 INFO o.a.j.u.BeanShellTestElement: Count=4
2018-07-06 12:26:06,706 INFO o.a.j.u.BeanShellTestElement: Count=4
2018-07-06 12:26:07,034 INFO o.a.j.u.BeanShellTestElement: Count=4
2018-07-06 12:26:07,351 INFO o.a.j.u.BeanShellTestElement: Count=4
2018-07-06 12:26:07,688 INFO o.a.j.u.BeanShellTestElement: Count=4
2018-07-06 12:26:08,002 INFO o.a.j.u.BeanShellTestElement: Count=4
2018-07-06 12:26:08,354 INFO o.a.j.u.BeanShellTestElement: Count=4
2018-07-06 12:26:08,678 INFO o.a.j.u.BeanShellTestElement: Count=4
2018-07-06 12:26:09,027 INFO o.a.j.u.BeanShellTestElement: Count=4
2018-07-06 12:26:09,383 INFO o.a.j.u.BeanShellTestElement: Count=4
2018-07-06 12:26:09,689 INFO o.a.j.u.BeanShellTestElement: Count=4
2018-07-06 12:26:09,986 INFO o.a.j.u.BeanShellTestElement: Count=4
2018-07-06 12:26:10,283 INFO o.a.j.u.BeanShellTestElement: Count=4
2018-07-06 12:26:10,594 INFO o.a.j.u.BeanShellTestElement: Count=4
2018-07-06 12:26:10,901 INFO o.a.j.u.BeanShellTestElement: Count=4
2018-07-06 12:26:11,203 INFO o.a.j.u.BeanShellTestElement: Count=4
2018-07-06 12:26:11,511 INFO o.a.j.u.BeanShellTestElement: Count=4
2018-07-06 12:26:11,842 INFO o.a.j.u.BeanShellTestElement: Count=4
2018-07-06 12:26:12,175 INFO o.a.j.u.BeanShellTestElement: Count=4
2018-07-06 12:26:12,492 INFO o.a.j.u.BeanShellTestElement: Count=4
2018-07-06 12:26:12,805 INFO o.a.j.u.BeanShellTestElement: Count=4
2018-07-06 12:26:13,105 INFO o.a.j.u.BeanShellTestElement: Count=4
2018-07-06 12:26:13,411 INFO o.a.j.u.BeanShellTestElement: Count=4
2018-07-06 12:26:13,716 INFO o.a.j.u.BeanShellTestElement: Count=4
2018-07-06 12:26:14,016 INFO o.a.j.u.BeanShellTestElement: Count=4
2018-07-06 12:26:14,327 INFO o.a.j.u.BeanShellTestElement: Count=4
2018-07-06 12:26:14,664 INFO o.a.j.u.BeanShellTestElement: Count=4
2018-07-06 12:26:14,998 INFO o.a.j.u.BeanShellTestElement: Count=4
2018-07-06 12:26:15,302 INFO o.a.j.u.BeanShellTestElement: Count=4
2018-07-06 12:26:15,647 INFO o.a.j.u.BeanShellTestElement: Count=4
2018-07-06 12:26:15,961 INFO o.a.j.u.BeanShellTestElement: Count=4
2018-07-06 12:26:16,259 INFO o.a.j.u.BeanShellTestElement: Count=4
2018-07-06 12:26:16,562 INFO o.a.j.u.BeanShellTestElement: Count=4
2018-07-06 12:26:16,914 INFO o.a.j.u.BeanShellTestElement: Count=4
2018-07-06 12:26:17,215 INFO o.a.j.u.BeanShellTestElement: Count=4
2018-07-06 12:26:17,520 INFO o.a.j.u.BeanShellTestElement: Count=4
2018-07-06 12:26:17,826 INFO o.a.j.u.BeanShellTestElement: Count=4
2018-07-06 12:26:18,132 INFO o.a.j.u.BeanShellTestElement: Count=4
2018-07-06 12:26:18,434 INFO o.a.j.u.BeanShellTestElement: Count=4
2018-07-06 12:26:18,737 INFO o.a.j.u.BeanShellTestElement: Count=4
2018-07-06 12:26:19,035 INFO o.a.j.u.BeanShellTestElement: Count=4
2018-07-06 12:26:19,334 INFO o.a.j.u.BeanShellTestElement: Count=4
2018-07-06 12:26:19,632 INFO o.a.j.u.BeanShellTestElement: Count=4
2018-07-06 12:26:19,934 INFO o.a.j.u.BeanShellTestElement: Count=4
2018-07-06 12:26:20,237 INFO o.a.j.u.BeanShellTestElement: Count=4
2018-07-06 12:26:20,551 INFO o.a.j.u.BeanShellTestElement: Count=4
2018-07-06 12:26:20,870 INFO o.a.j.u.BeanShellTestElement: Count=4
2018-07-06 12:26:21,183 INFO o.a.j.u.BeanShellTestElement: Count=4
2018-07-06 12:26:21,493 INFO o.a.j.u.BeanShellTestElement: Count=4
2018-07-06 12:26:21,795 INFO o.a.j.u.BeanShellTestElement: Count=4
2018-07-06 12:26:22,104 INFO o.a.j.u.BeanShellTestElement: Count=4
2018-07-06 12:26:22,408 INFO o.a.j.u.BeanShellTestElement: Count=4
2018-07-06 12:26:22,711 INFO o.a.j.u.BeanShellTestElement: Count=4
2018-07-06 12:26:23,014 INFO o.a.j.u.BeanShellTestElement: Count=4
2018-07-06 12:26:23,320 INFO o.a.j.u.BeanShellTestElement: Count=4
2018-07-06 12:26:23,621 INFO o.a.j.u.BeanShellTestElement: Count=4
2018-07-06 12:26:23,929 INFO o.a.j.u.BeanShellTestElement: Count=4
2018-07-06 12:26:24,232 INFO o.a.j.u.BeanShellTestElement: Count=4
2018-07-06 12:26:24,533 INFO o.a.j.u.BeanShellTestElement: Count=4
2018-07-06 12:26:24,832 INFO o.a.j.u.BeanShellTestElement: Count=4
2018-07-06 12:26:25,134 INFO o.a.j.u.BeanShellTestElement: Count=4
2018-07-06 12:26:25,450 INFO o.a.j.u.BeanShellTestElement: Count=4
2018-07-06 12:26:25,800 INFO o.a.j.u.BeanShellTestElement: Count=4
2018-07-06 12:26:26,125 INFO o.a.j.u.BeanShellTestElement: Count=4
2018-07-06 12:26:26,462 INFO o.a.j.u.BeanShellTestElement: Count=4
2018-07-06 12:26:26,803 INFO o.a.j.u.BeanShellTestElement: Count=4
2018-07-06 12:26:27,103 INFO o.a.j.u.BeanShellTestElement: Count=4
2018-07-06 12:26:27,425 INFO o.a.j.u.BeanShellTestElement: Count=4
2018-07-06 12:26:27,767 INFO o.a.j.u.BeanShellTestElement: Count=4
2018-07-06 12:26:28,067 INFO o.a.j.u.BeanShellTestElement: Count=4
2018-07-06 12:26:28,387 INFO o.a.j.u.BeanShellTestElement: Count=4
2018-07-06 12:26:28,694 INFO o.a.j.u.BeanShellTestElement: Count=4
2018-07-06 12:26:29,054 INFO o.a.j.u.BeanShellTestElement: Count=4
2018-07-06 12:26:29,365 INFO o.a.j.u.BeanShellTestElement: Count=4
2018-07-06 12:26:29,690 INFO o.a.j.u.BeanShellTestElement: Count=4
2018-07-06 12:26:30,009 INFO o.a.j.u.BeanShellTestElement: Count=4
2018-07-06 12:26:30,310 INFO o.a.j.u.BeanShellTestElement: Count=4
2018-07-06 12:26:30,624 INFO o.a.j.u.BeanShellTestElement: Count=4
2018-07-06 12:26:30,968 INFO o.a.j.u.BeanShellTestElement: Count=4
2018-07-06 12:26:31,288 INFO o.a.j.u.BeanShellTestElement: Count=4
2018-07-06 12:26:31,620 INFO o.a.j.u.BeanShellTestElement: Count=4
2018-07-06 12:26:31,959 INFO o.a.j.u.BeanShellTestElement: Count=4
2018-07-06 12:26:31,959 INFO o.a.j.t.JMeterThread: Stopping because end time detected by thread: Thread Group 1-1
2018-07-06 12:26:31,960 INFO o.a.j.t.JMeterThread: Thread finished: Thread Group 1-1
2018-07-06 12:26:31,960 INFO o.a.j.e.StandardJMeterEngine: Notifying test listeners of end of test
2018-07-06 12:26:32,171 INFO o.a.j.g.u.JMeterMenuBar: setRunning(false, *local*)
2018-07-06 12:35:02,401 INFO o.a.j.e.StandardJMeterEngine: Running the test!
2018-07-06 12:35:02,402 INFO o.a.j.s.SampleEvent: List of sample_variables: []
2018-07-06 12:35:02,406 INFO o.a.j.g.u.JMeterMenuBar: setRunning(true, *local*)
2018-07-06 12:35:02,568 INFO o.a.j.e.StandardJMeterEngine: Starting ThreadGroup: 1 : Thread Group
2018-07-06 12:35:02,568 INFO o.a.j.e.StandardJMeterEngine: Starting 1 threads for group Thread Group.
2018-07-06 12:35:02,568 INFO o.a.j.e.StandardJMeterEngine: Thread will continue on error
2018-07-06 12:35:02,568 INFO o.a.j.t.ThreadGroup: Starting thread group... number=1 threads=1 ramp-up=1 perThread=1000.0 delayedStart=false
2018-07-06 12:35:02,572 INFO o.a.j.t.ThreadGroup: Started thread group number 1
2018-07-06 12:35:02,572 INFO o.a.j.e.StandardJMeterEngine: All thread groups have been started
2018-07-06 12:35:02,573 INFO o.a.j.t.JMeterThread: Thread started: Thread Group 1-1
2018-07-06 12:35:02,575 INFO o.a.j.s.FileServer: Stored: C:\Users\tdwivedi\Desktop\DB Purge\table_name.txt
2018-07-06 12:35:06,094 INFO o.a.j.u.BeanShellTestElement: Count=null
2018-07-06 12:35:06,096 ERROR o.a.j.u.BeanShellInterpreter: Error invoking bsh method: eval	Sourced file: inline evaluation of: ``Failure=false;  var count=vars.get("COUNT_#");  log.info("Count=" + count);  if  . . . ''
2018-07-06 12:35:06,097 WARN o.a.j.a.BeanShellAssertion: org.apache.jorphan.util.JMeterException: Error invoking bsh method: eval	Sourced file: inline evaluation of: ``Failure=false;  var count=vars.get("COUNT_#");  log.info("Count=" + count);  if  . . . ''
2018-07-06 12:35:06,103 INFO o.a.j.u.BeanShellTestElement: Count=null
2018-07-06 12:35:06,103 ERROR o.a.j.u.BeanShellInterpreter: Error invoking bsh method: eval	Sourced file: inline evaluation of: ``Failure=false;  var count=vars.get("COUNT_#");  log.info("Count=" + count);  if  . . . ''
2018-07-06 12:35:06,103 WARN o.a.j.a.BeanShellAssertion: org.apache.jorphan.util.JMeterException: Error invoking bsh method: eval	Sourced file: inline evaluation of: ``Failure=false;  var count=vars.get("COUNT_#");  log.info("Count=" + count);  if  . . . ''
2018-07-06 12:35:06,107 INFO o.a.j.u.BeanShellTestElement: Count=null
2018-07-06 12:35:06,108 ERROR o.a.j.u.BeanShellInterpreter: Error invoking bsh method: eval	Sourced file: inline evaluation of: ``Failure=false;  var count=vars.get("COUNT_#");  log.info("Count=" + count);  if  . . . ''
2018-07-06 12:35:06,108 WARN o.a.j.a.BeanShellAssertion: org.apache.jorphan.util.JMeterException: Error invoking bsh method: eval	Sourced file: inline evaluation of: ``Failure=false;  var count=vars.get("COUNT_#");  log.info("Count=" + count);  if  . . . ''
2018-07-06 12:35:06,108 INFO o.a.j.t.JMeterThread: Thread is done: Thread Group 1-1
2018-07-06 12:35:06,108 INFO o.a.j.t.JMeterThread: Thread finished: Thread Group 1-1
2018-07-06 12:35:06,109 INFO o.a.j.e.StandardJMeterEngine: Notifying test listeners of end of test
2018-07-06 12:35:06,109 INFO o.a.j.s.FileServer: Close: C:\Users\tdwivedi\Desktop\DB Purge\table_name.txt
2018-07-06 12:35:06,283 INFO o.a.j.g.u.JMeterMenuBar: setRunning(false, *local*)
2018-07-06 12:36:22,265 INFO o.a.j.e.StandardJMeterEngine: Running the test!
2018-07-06 12:36:22,266 INFO o.a.j.s.SampleEvent: List of sample_variables: []
2018-07-06 12:36:22,271 INFO o.a.j.g.u.JMeterMenuBar: setRunning(true, *local*)
2018-07-06 12:36:22,445 INFO o.a.j.e.StandardJMeterEngine: Starting ThreadGroup: 1 : Thread Group
2018-07-06 12:36:22,445 INFO o.a.j.e.StandardJMeterEngine: Starting 1 threads for group Thread Group.
2018-07-06 12:36:22,445 INFO o.a.j.e.StandardJMeterEngine: Thread will continue on error
2018-07-06 12:36:22,445 INFO o.a.j.t.ThreadGroup: Starting thread group... number=1 threads=1 ramp-up=1 perThread=1000.0 delayedStart=false
2018-07-06 12:36:22,452 INFO o.a.j.t.ThreadGroup: Started thread group number 1
2018-07-06 12:36:22,452 INFO o.a.j.e.StandardJMeterEngine: All thread groups have been started
2018-07-06 12:36:22,454 INFO o.a.j.t.JMeterThread: Thread started: Thread Group 1-1
2018-07-06 12:36:22,455 INFO o.a.j.s.FileServer: Stored: C:\Users\tdwivedi\Desktop\DB Purge\table_name.txt
2018-07-06 12:36:28,842 INFO o.a.j.u.BeanShellTestElement: Count=null
2018-07-06 12:36:28,842 ERROR o.a.j.u.BeanShellInterpreter: Error invoking bsh method: eval	Sourced file: inline evaluation of: ``Failure=false;  var count=vars.get("COUNT_#");  log.info("Count=" + count);  if  . . . ''
2018-07-06 12:36:28,842 WARN o.a.j.a.BeanShellAssertion: org.apache.jorphan.util.JMeterException: Error invoking bsh method: eval	Sourced file: inline evaluation of: ``Failure=false;  var count=vars.get("COUNT_#");  log.info("Count=" + count);  if  . . . ''
2018-07-06 12:36:35,255 INFO o.a.j.u.BeanShellTestElement: Count=null
2018-07-06 12:36:35,256 ERROR o.a.j.u.BeanShellInterpreter: Error invoking bsh method: eval	Sourced file: inline evaluation of: ``Failure=false;  var count=vars.get("COUNT_#");  log.info("Count=" + count);  if  . . . ''
2018-07-06 12:36:35,256 WARN o.a.j.a.BeanShellAssertion: org.apache.jorphan.util.JMeterException: Error invoking bsh method: eval	Sourced file: inline evaluation of: ``Failure=false;  var count=vars.get("COUNT_#");  log.info("Count=" + count);  if  . . . ''
2018-07-06 12:36:35,262 INFO o.a.j.u.BeanShellTestElement: Count=null
2018-07-06 12:36:35,263 ERROR o.a.j.u.BeanShellInterpreter: Error invoking bsh method: eval	Sourced file: inline evaluation of: ``Failure=false;  var count=vars.get("COUNT_#");  log.info("Count=" + count);  if  . . . ''
2018-07-06 12:36:35,263 WARN o.a.j.a.BeanShellAssertion: org.apache.jorphan.util.JMeterException: Error invoking bsh method: eval	Sourced file: inline evaluation of: ``Failure=false;  var count=vars.get("COUNT_#");  log.info("Count=" + count);  if  . . . ''
2018-07-06 12:36:35,264 INFO o.a.j.t.JMeterThread: Thread is done: Thread Group 1-1
2018-07-06 12:36:35,264 INFO o.a.j.t.JMeterThread: Thread finished: Thread Group 1-1
2018-07-06 12:36:35,264 INFO o.a.j.e.StandardJMeterEngine: Notifying test listeners of end of test
2018-07-06 12:36:35,264 INFO o.a.j.s.FileServer: Close: C:\Users\tdwivedi\Desktop\DB Purge\table_name.txt
2018-07-06 12:36:35,433 INFO o.a.j.g.u.JMeterMenuBar: setRunning(false, *local*)
2018-07-06 12:39:38,367 INFO o.a.j.e.StandardJMeterEngine: Running the test!
2018-07-06 12:39:38,369 INFO o.a.j.s.SampleEvent: List of sample_variables: []
2018-07-06 12:39:38,374 INFO o.a.j.g.u.JMeterMenuBar: setRunning(true, *local*)
2018-07-06 12:39:38,593 INFO o.a.j.e.StandardJMeterEngine: Starting ThreadGroup: 1 : Thread Group
2018-07-06 12:39:38,594 INFO o.a.j.e.StandardJMeterEngine: Starting 1 threads for group Thread Group.
2018-07-06 12:39:38,594 INFO o.a.j.e.StandardJMeterEngine: Thread will continue on error
2018-07-06 12:39:38,594 INFO o.a.j.t.ThreadGroup: Starting thread group... number=1 threads=1 ramp-up=1 perThread=1000.0 delayedStart=false
2018-07-06 12:39:38,598 INFO o.a.j.t.ThreadGroup: Started thread group number 1
2018-07-06 12:39:38,598 INFO o.a.j.e.StandardJMeterEngine: All thread groups have been started
2018-07-06 12:39:38,599 INFO o.a.j.t.JMeterThread: Thread started: Thread Group 1-1
2018-07-06 12:39:38,599 INFO o.a.j.s.FileServer: Stored: C:\Users\tdwivedi\Desktop\DB Purge\table_name.txt
2018-07-06 12:39:42,002 INFO o.a.j.u.BeanShellTestElement: Count=null
2018-07-06 12:39:42,002 ERROR o.a.j.u.BeanShellInterpreter: Error invoking bsh method: eval	Sourced file: inline evaluation of: ``Failure=false;  var count=vars.get("COUNT_#");  log.info("Count=" + count);  if  . . . ''
2018-07-06 12:39:42,003 WARN o.a.j.a.BeanShellAssertion: org.apache.jorphan.util.JMeterException: Error invoking bsh method: eval	Sourced file: inline evaluation of: ``Failure=false;  var count=vars.get("COUNT_#");  log.info("Count=" + count);  if  . . . ''
2018-07-06 12:39:42,007 INFO o.a.j.u.BeanShellTestElement: Count=null
2018-07-06 12:39:42,007 ERROR o.a.j.u.BeanShellInterpreter: Error invoking bsh method: eval	Sourced file: inline evaluation of: ``Failure=false;  var count=vars.get("COUNT_#");  log.info("Count=" + count);  if  . . . ''
2018-07-06 12:39:42,007 WARN o.a.j.a.BeanShellAssertion: org.apache.jorphan.util.JMeterException: Error invoking bsh method: eval	Sourced file: inline evaluation of: ``Failure=false;  var count=vars.get("COUNT_#");  log.info("Count=" + count);  if  . . . ''
2018-07-06 12:39:42,011 INFO o.a.j.u.BeanShellTestElement: Count=null
2018-07-06 12:39:42,011 ERROR o.a.j.u.BeanShellInterpreter: Error invoking bsh method: eval	Sourced file: inline evaluation of: ``Failure=false;  var count=vars.get("COUNT_#");  log.info("Count=" + count);  if  . . . ''
2018-07-06 12:39:42,011 WARN o.a.j.a.BeanShellAssertion: org.apache.jorphan.util.JMeterException: Error invoking bsh method: eval	Sourced file: inline evaluation of: ``Failure=false;  var count=vars.get("COUNT_#");  log.info("Count=" + count);  if  . . . ''
2018-07-06 12:39:42,012 INFO o.a.j.t.JMeterThread: Thread is done: Thread Group 1-1
2018-07-06 12:39:42,012 INFO o.a.j.t.JMeterThread: Thread finished: Thread Group 1-1
2018-07-06 12:39:42,012 INFO o.a.j.e.StandardJMeterEngine: Notifying test listeners of end of test
2018-07-06 12:39:42,012 INFO o.a.j.s.FileServer: Close: C:\Users\tdwivedi\Desktop\DB Purge\table_name.txt
2018-07-06 12:39:42,182 INFO o.a.j.g.u.JMeterMenuBar: setRunning(false, *local*)
2018-07-06 12:42:47,001 INFO o.a.j.e.StandardJMeterEngine: Running the test!
2018-07-06 12:42:47,002 INFO o.a.j.s.SampleEvent: List of sample_variables: []
2018-07-06 12:42:47,004 INFO o.a.j.g.u.JMeterMenuBar: setRunning(true, *local*)
2018-07-06 12:42:47,243 INFO o.a.j.e.StandardJMeterEngine: Starting ThreadGroup: 1 : Thread Group
2018-07-06 12:42:47,243 INFO o.a.j.e.StandardJMeterEngine: Starting 1 threads for group Thread Group.
2018-07-06 12:42:47,243 INFO o.a.j.e.StandardJMeterEngine: Thread will continue on error
2018-07-06 12:42:47,243 INFO o.a.j.t.ThreadGroup: Starting thread group... number=1 threads=1 ramp-up=1 perThread=1000.0 delayedStart=false
2018-07-06 12:42:47,249 INFO o.a.j.t.ThreadGroup: Started thread group number 1
2018-07-06 12:42:47,249 INFO o.a.j.e.StandardJMeterEngine: All thread groups have been started
2018-07-06 12:42:47,250 INFO o.a.j.t.JMeterThread: Thread started: Thread Group 1-1
2018-07-06 12:42:47,250 INFO o.a.j.s.FileServer: Stored: C:\Users\tdwivedi\Desktop\DB Purge\table_name.txt
2018-07-06 12:42:50,639 INFO o.a.j.u.BeanShellTestElement: Count=null
2018-07-06 12:42:50,639 ERROR o.a.j.u.BeanShellInterpreter: Error invoking bsh method: eval	Sourced file: inline evaluation of: ``Failure=false;  var count=vars.get("COUNT_#");  log.info("Count=" + count);  if  . . . ''
2018-07-06 12:42:50,640 WARN o.a.j.a.BeanShellAssertion: org.apache.jorphan.util.JMeterException: Error invoking bsh method: eval	Sourced file: inline evaluation of: ``Failure=false;  var count=vars.get("COUNT_#");  log.info("Count=" + count);  if  . . . ''
2018-07-06 12:42:50,642 INFO o.a.j.u.BeanShellTestElement: Count=null
2018-07-06 12:42:50,642 ERROR o.a.j.u.BeanShellInterpreter: Error invoking bsh method: eval	Sourced file: inline evaluation of: ``Failure=false;  var count=vars.get("COUNT_#");  log.info("Count=" + count);  if  . . . ''
2018-07-06 12:42:50,642 WARN o.a.j.a.BeanShellAssertion: org.apache.jorphan.util.JMeterException: Error invoking bsh method: eval	Sourced file: inline evaluation of: ``Failure=false;  var count=vars.get("COUNT_#");  log.info("Count=" + count);  if  . . . ''
2018-07-06 12:42:50,644 INFO o.a.j.u.BeanShellTestElement: Count=null
2018-07-06 12:42:50,645 ERROR o.a.j.u.BeanShellInterpreter: Error invoking bsh method: eval	Sourced file: inline evaluation of: ``Failure=false;  var count=vars.get("COUNT_#");  log.info("Count=" + count);  if  . . . ''
2018-07-06 12:42:50,645 WARN o.a.j.a.BeanShellAssertion: org.apache.jorphan.util.JMeterException: Error invoking bsh method: eval	Sourced file: inline evaluation of: ``Failure=false;  var count=vars.get("COUNT_#");  log.info("Count=" + count);  if  . . . ''
2018-07-06 12:42:50,645 INFO o.a.j.t.JMeterThread: Thread is done: Thread Group 1-1
2018-07-06 12:42:50,645 INFO o.a.j.t.JMeterThread: Thread finished: Thread Group 1-1
2018-07-06 12:42:50,645 INFO o.a.j.e.StandardJMeterEngine: Notifying test listeners of end of test
2018-07-06 12:42:50,645 INFO o.a.j.s.FileServer: Close: C:\Users\tdwivedi\Desktop\DB Purge\table_name.txt
2018-07-06 12:42:50,813 INFO o.a.j.g.u.JMeterMenuBar: setRunning(false, *local*)
2018-07-06 12:43:12,382 INFO o.a.j.e.StandardJMeterEngine: Running the test!
2018-07-06 12:43:12,382 INFO o.a.j.s.SampleEvent: List of sample_variables: []
2018-07-06 12:43:12,387 INFO o.a.j.g.u.JMeterMenuBar: setRunning(true, *local*)
2018-07-06 12:43:12,615 INFO o.a.j.e.StandardJMeterEngine: Starting ThreadGroup: 1 : Thread Group
2018-07-06 12:43:12,615 INFO o.a.j.e.StandardJMeterEngine: Starting 1 threads for group Thread Group.
2018-07-06 12:43:12,615 INFO o.a.j.e.StandardJMeterEngine: Thread will continue on error
2018-07-06 12:43:12,615 INFO o.a.j.t.ThreadGroup: Starting thread group... number=1 threads=1 ramp-up=1 perThread=1000.0 delayedStart=false
2018-07-06 12:43:12,621 INFO o.a.j.t.ThreadGroup: Started thread group number 1
2018-07-06 12:43:12,621 INFO o.a.j.e.StandardJMeterEngine: All thread groups have been started
2018-07-06 12:43:12,622 INFO o.a.j.t.JMeterThread: Thread started: Thread Group 1-1
2018-07-06 12:43:12,622 INFO o.a.j.s.FileServer: Stored: C:\Users\tdwivedi\Desktop\DB Purge\table_name.txt
2018-07-06 12:43:16,355 INFO o.a.j.u.BeanShellTestElement: Count=null
2018-07-06 12:43:16,356 ERROR o.a.j.u.BeanShellInterpreter: Error invoking bsh method: eval	Sourced file: inline evaluation of: ``Failure=false;  var count=vars.get("COUNT_#");  log.info("Count=" + count);  if  . . . ''
2018-07-06 12:43:16,356 WARN o.a.j.a.BeanShellAssertion: org.apache.jorphan.util.JMeterException: Error invoking bsh method: eval	Sourced file: inline evaluation of: ``Failure=false;  var count=vars.get("COUNT_#");  log.info("Count=" + count);  if  . . . ''
2018-07-06 12:43:16,694 INFO o.a.j.u.BeanShellTestElement: Count=null
2018-07-06 12:43:16,694 ERROR o.a.j.u.BeanShellInterpreter: Error invoking bsh method: eval	Sourced file: inline evaluation of: ``Failure=false;  var count=vars.get("COUNT_#");  log.info("Count=" + count);  if  . . . ''
2018-07-06 12:43:16,694 WARN o.a.j.a.BeanShellAssertion: org.apache.jorphan.util.JMeterException: Error invoking bsh method: eval	Sourced file: inline evaluation of: ``Failure=false;  var count=vars.get("COUNT_#");  log.info("Count=" + count);  if  . . . ''
2018-07-06 12:43:17,033 INFO o.a.j.u.BeanShellTestElement: Count=null
2018-07-06 12:43:17,034 ERROR o.a.j.u.BeanShellInterpreter: Error invoking bsh method: eval	Sourced file: inline evaluation of: ``Failure=false;  var count=vars.get("COUNT_#");  log.info("Count=" + count);  if  . . . ''
2018-07-06 12:43:17,034 WARN o.a.j.a.BeanShellAssertion: org.apache.jorphan.util.JMeterException: Error invoking bsh method: eval	Sourced file: inline evaluation of: ``Failure=false;  var count=vars.get("COUNT_#");  log.info("Count=" + count);  if  . . . ''
2018-07-06 12:43:17,034 INFO o.a.j.t.JMeterThread: Thread is done: Thread Group 1-1
2018-07-06 12:43:17,034 INFO o.a.j.t.JMeterThread: Thread finished: Thread Group 1-1
2018-07-06 12:43:17,035 INFO o.a.j.e.StandardJMeterEngine: Notifying test listeners of end of test
2018-07-06 12:43:17,035 INFO o.a.j.s.FileServer: Close: C:\Users\tdwivedi\Desktop\DB Purge\table_name.txt
2018-07-06 12:43:17,205 INFO o.a.j.g.u.JMeterMenuBar: setRunning(false, *local*)
2018-07-06 13:01:51,948 INFO o.a.j.e.StandardJMeterEngine: Running the test!
2018-07-06 13:01:51,949 INFO o.a.j.s.SampleEvent: List of sample_variables: []
2018-07-06 13:01:51,953 INFO o.a.j.g.u.JMeterMenuBar: setRunning(true, *local*)
2018-07-06 13:01:52,125 INFO o.a.j.e.StandardJMeterEngine: Starting ThreadGroup: 1 : Thread Group
2018-07-06 13:01:52,126 INFO o.a.j.e.StandardJMeterEngine: Starting 1 threads for group Thread Group.
2018-07-06 13:01:52,126 INFO o.a.j.e.StandardJMeterEngine: Thread will continue on error
2018-07-06 13:01:52,126 INFO o.a.j.t.ThreadGroup: Starting thread group... number=1 threads=1 ramp-up=1 perThread=1000.0 delayedStart=false
2018-07-06 13:01:52,130 INFO o.a.j.t.ThreadGroup: Started thread group number 1
2018-07-06 13:01:52,130 INFO o.a.j.e.StandardJMeterEngine: All thread groups have been started
2018-07-06 13:01:52,131 INFO o.a.j.t.JMeterThread: Thread started: Thread Group 1-1
2018-07-06 13:01:52,131 INFO o.a.j.s.FileServer: Stored: C:\Users\tdwivedi\Desktop\DB Purge\table_name.txt
2018-07-06 13:01:55,825 INFO o.a.j.u.BeanShellTestElement: Count=0
2018-07-06 13:01:55,827 INFO o.a.j.u.BeanShellTestElement: Didn't get the expected records
2018-07-06 13:01:55,998 INFO o.a.j.u.BeanShellTestElement: Count=0
2018-07-06 13:01:55,998 INFO o.a.j.u.BeanShellTestElement: Didn't get the expected records
2018-07-06 13:01:56,173 INFO o.a.j.u.BeanShellTestElement: Count=0
2018-07-06 13:01:56,174 INFO o.a.j.u.BeanShellTestElement: Didn't get the expected records
2018-07-06 13:01:56,174 INFO o.a.j.t.JMeterThread: Thread is done: Thread Group 1-1
2018-07-06 13:01:56,175 INFO o.a.j.t.JMeterThread: Thread finished: Thread Group 1-1
2018-07-06 13:01:56,175 INFO o.a.j.e.StandardJMeterEngine: Notifying test listeners of end of test
2018-07-06 13:01:56,175 INFO o.a.j.s.FileServer: Close: C:\Users\tdwivedi\Desktop\DB Purge\table_name.txt
2018-07-06 13:01:56,359 INFO o.a.j.g.u.JMeterMenuBar: setRunning(false, *local*)
2018-07-06 13:02:16,757 INFO o.a.j.e.StandardJMeterEngine: Running the test!
2018-07-06 13:02:16,757 INFO o.a.j.s.SampleEvent: List of sample_variables: []
2018-07-06 13:02:16,761 INFO o.a.j.g.u.JMeterMenuBar: setRunning(true, *local*)
2018-07-06 13:02:16,915 INFO o.a.j.e.StandardJMeterEngine: Starting ThreadGroup: 1 : Thread Group
2018-07-06 13:02:16,915 INFO o.a.j.e.StandardJMeterEngine: Starting 1 threads for group Thread Group.
2018-07-06 13:02:16,915 INFO o.a.j.e.StandardJMeterEngine: Thread will continue on error
2018-07-06 13:02:16,915 INFO o.a.j.t.ThreadGroup: Starting thread group... number=1 threads=1 ramp-up=1 perThread=1000.0 delayedStart=false
2018-07-06 13:02:16,920 INFO o.a.j.t.ThreadGroup: Started thread group number 1
2018-07-06 13:02:16,920 INFO o.a.j.e.StandardJMeterEngine: All thread groups have been started
2018-07-06 13:02:16,921 INFO o.a.j.t.JMeterThread: Thread started: Thread Group 1-1
2018-07-06 13:02:16,921 INFO o.a.j.s.FileServer: Stored: C:\Users\tdwivedi\Desktop\DB Purge\table_name.txt
2018-07-06 13:02:20,569 INFO o.a.j.u.BeanShellTestElement: Count=1
2018-07-06 13:02:20,892 INFO o.a.j.u.BeanShellTestElement: Count=1
2018-07-06 13:02:21,215 INFO o.a.j.u.BeanShellTestElement: Count=1
2018-07-06 13:02:21,216 INFO o.a.j.t.JMeterThread: Thread is done: Thread Group 1-1
2018-07-06 13:02:21,216 INFO o.a.j.t.JMeterThread: Thread finished: Thread Group 1-1
2018-07-06 13:02:21,217 INFO o.a.j.e.StandardJMeterEngine: Notifying test listeners of end of test
2018-07-06 13:02:21,217 INFO o.a.j.s.FileServer: Close: C:\Users\tdwivedi\Desktop\DB Purge\table_name.txt
2018-07-06 13:02:21,387 INFO o.a.j.g.u.JMeterMenuBar: setRunning(false, *local*)
2018-07-06 13:10:10,753 INFO o.a.j.e.StandardJMeterEngine: Running the test!
2018-07-06 13:10:10,756 INFO o.a.j.s.SampleEvent: List of sample_variables: []
2018-07-06 13:10:10,759 INFO o.a.j.g.u.JMeterMenuBar: setRunning(true, *local*)
2018-07-06 13:10:10,980 INFO o.a.j.e.StandardJMeterEngine: Starting ThreadGroup: 1 : Thread Group
2018-07-06 13:10:10,981 INFO o.a.j.e.StandardJMeterEngine: Starting 1 threads for group Thread Group.
2018-07-06 13:10:10,981 INFO o.a.j.e.StandardJMeterEngine: Thread will continue on error
2018-07-06 13:10:10,981 INFO o.a.j.t.ThreadGroup: Starting thread group... number=1 threads=1 ramp-up=1 perThread=1000.0 delayedStart=false
2018-07-06 13:10:10,987 INFO o.a.j.t.ThreadGroup: Started thread group number 1
2018-07-06 13:10:10,989 INFO o.a.j.e.StandardJMeterEngine: All thread groups have been started
2018-07-06 13:10:10,991 INFO o.a.j.t.JMeterThread: Thread started: Thread Group 1-1
2018-07-06 13:10:10,993 INFO o.a.j.s.FileServer: Stored: C:\Users\tdwivedi\Desktop\DB Purge\table_name.txt
2018-07-06 13:10:14,644 INFO o.a.j.u.BeanShellTestElement: Count=1
2018-07-06 13:10:14,956 INFO o.a.j.u.BeanShellTestElement: Count=1
2018-07-06 13:10:15,265 INFO o.a.j.u.BeanShellTestElement: Count=1
2018-07-06 13:10:15,266 INFO o.a.j.t.JMeterThread: Thread is done: Thread Group 1-1
2018-07-06 13:10:15,266 INFO o.a.j.t.JMeterThread: Thread finished: Thread Group 1-1
2018-07-06 13:10:15,267 INFO o.a.j.e.StandardJMeterEngine: Notifying test listeners of end of test
2018-07-06 13:10:15,267 INFO o.a.j.s.FileServer: Close: C:\Users\tdwivedi\Desktop\DB Purge\table_name.txt
2018-07-06 13:10:15,441 INFO o.a.j.g.u.JMeterMenuBar: setRunning(false, *local*)
2018-07-09 10:18:29,074 INFO o.a.j.e.StandardJMeterEngine: Running the test!
2018-07-09 10:18:29,077 INFO o.a.j.s.SampleEvent: List of sample_variables: []
2018-07-09 10:18:29,078 INFO o.a.j.g.u.JMeterMenuBar: setRunning(true, *local*)
2018-07-09 10:18:29,094 INFO o.a.j.e.StandardJMeterEngine: Starting ThreadGroup: 1 : Thread Group
2018-07-09 10:18:29,094 INFO o.a.j.e.StandardJMeterEngine: Starting 5 threads for group Thread Group.
2018-07-09 10:18:29,094 INFO o.a.j.e.StandardJMeterEngine: Thread will continue on error
2018-07-09 10:18:29,094 INFO o.a.j.t.ThreadGroup: Starting thread group... number=1 threads=5 ramp-up=10 perThread=2000.0 delayedStart=false
2018-07-09 10:18:29,098 INFO o.a.j.t.JMeterThread: Thread started: Thread Group 1-1
2018-07-09 10:18:29,099 INFO o.a.j.s.FileServer: Stored: C:\Users\tdwivedi\Desktop\DB Purge\table_name.txt
2018-07-09 10:18:29,113 INFO o.a.j.t.ThreadGroup: Started thread group number 1
2018-07-09 10:18:29,113 INFO o.a.j.e.StandardJMeterEngine: All thread groups have been started
2018-07-09 10:18:31,104 INFO o.a.j.t.JMeterThread: Thread started: Thread Group 1-2
2018-07-09 10:18:32,928 INFO o.a.j.u.BeanShellTestElement: Count=1
2018-07-09 10:18:33,108 INFO o.a.j.t.JMeterThread: Thread started: Thread Group 1-3
2018-07-09 10:18:33,256 INFO o.a.j.u.BeanShellTestElement: Count=1
2018-07-09 10:18:33,491 INFO o.a.j.u.BeanShellTestElement: Count=1
2018-07-09 10:18:33,793 INFO o.a.j.u.BeanShellTestElement: Count=1
2018-07-09 10:18:34,086 INFO o.a.j.u.BeanShellTestElement: Count=1
2018-07-09 10:18:34,384 INFO o.a.j.u.BeanShellTestElement: Count=1
2018-07-09 10:18:34,570 INFO o.a.j.u.BeanShellTestElement: Count=1
2018-07-09 10:18:34,865 INFO o.a.j.u.BeanShellTestElement: Count=1
2018-07-09 10:18:34,905 INFO o.a.j.u.BeanShellTestElement: Count=1
2018-07-09 10:18:35,110 INFO o.a.j.t.JMeterThread: Thread started: Thread Group 1-4
2018-07-09 10:18:35,210 INFO o.a.j.u.BeanShellTestElement: Count=1
2018-07-09 10:18:35,218 INFO o.a.j.u.BeanShellTestElement: Count=1
2018-07-09 10:18:35,524 INFO o.a.j.u.BeanShellTestElement: Count=1
2018-07-09 10:18:35,571 INFO o.a.j.u.BeanShellTestElement: Count=1
2018-07-09 10:18:35,761 INFO o.a.j.u.BeanShellTestElement: Count=1
2018-07-09 10:18:35,829 INFO o.a.j.u.BeanShellTestElement: Count=1
2018-07-09 10:18:36,066 INFO o.a.j.u.BeanShellTestElement: Count=1
2018-07-09 10:18:36,130 INFO o.a.j.u.BeanShellTestElement: Count=1
2018-07-09 10:18:36,316 INFO o.a.j.u.BeanShellTestElement: Count=1
2018-07-09 10:18:36,366 INFO o.a.j.u.BeanShellTestElement: Count=1
2018-07-09 10:18:36,612 INFO o.a.j.u.BeanShellTestElement: Count=1
2018-07-09 10:18:36,616 INFO o.a.j.u.BeanShellTestElement: Count=1
2018-07-09 10:18:36,802 INFO o.a.j.u.BeanShellTestElement: Count=1
2018-07-09 10:18:36,862 INFO o.a.j.u.BeanShellTestElement: Count=1
2018-07-09 10:18:36,871 INFO o.a.j.u.BeanShellTestElement: Count=1
2018-07-09 10:18:37,057 INFO o.a.j.u.BeanShellTestElement: Count=1
2018-07-09 10:18:37,105 INFO o.a.j.u.BeanShellTestElement: Count=1
2018-07-09 10:18:37,113 INFO o.a.j.t.JMeterThread: Thread started: Thread Group 1-5
2018-07-09 10:18:37,119 INFO o.a.j.u.BeanShellTestElement: Count=1
2018-07-09 10:18:37,247 INFO o.a.j.u.BeanShellTestElement: Count=1
2018-07-09 10:18:37,358 INFO o.a.j.u.BeanShellTestElement: Count=1
2018-07-09 10:18:37,370 INFO o.a.j.u.BeanShellTestElement: Count=1
2018-07-09 10:18:37,432 INFO o.a.j.u.BeanShellTestElement: Count=1
2018-07-09 10:18:37,614 INFO o.a.j.u.BeanShellTestElement: Count=1
2018-07-09 10:18:37,619 INFO o.a.j.u.BeanShellTestElement: Count=1
2018-07-09 10:18:37,684 INFO o.a.j.u.BeanShellTestElement: Count=1
2018-07-09 10:18:37,809 INFO o.a.j.u.BeanShellTestElement: Count=1
2018-07-09 10:18:37,873 INFO o.a.j.u.BeanShellTestElement: Count=1
2018-07-09 10:18:37,953 INFO o.a.j.u.BeanShellTestElement: Count=1
2018-07-09 10:18:38,062 INFO o.a.j.u.BeanShellTestElement: Count=1
2018-07-09 10:18:38,088 INFO o.a.j.u.BeanShellTestElement: Count=1
2018-07-09 10:18:38,236 INFO o.a.j.u.BeanShellTestElement: Count=1
2018-07-09 10:18:38,312 INFO o.a.j.u.BeanShellTestElement: Count=1
2018-07-09 10:18:38,367 INFO o.a.j.u.BeanShellTestElement: Count=1
2018-07-09 10:18:38,429 INFO o.a.j.u.BeanShellTestElement: Count=1
2018-07-09 10:18:38,631 INFO o.a.j.u.BeanShellTestElement: Count=1
2018-07-09 10:18:38,634 INFO o.a.j.u.BeanShellTestElement: Count=1
2018-07-09 10:18:38,690 INFO o.a.j.u.BeanShellTestElement: Count=1
2018-07-09 10:18:38,762 INFO o.a.j.u.BeanShellTestElement: Count=1
2018-07-09 10:18:38,825 INFO o.a.j.u.BeanShellTestElement: Count=1
2018-07-09 10:18:38,891 INFO o.a.j.u.BeanShellTestElement: Count=1
2018-07-09 10:18:38,934 INFO o.a.j.u.BeanShellTestElement: Count=1
2018-07-09 10:18:39,012 INFO o.a.j.u.BeanShellTestElement: Count=1
2018-07-09 10:18:39,037 INFO o.a.j.u.BeanShellTestElement: Count=1
2018-07-09 10:18:39,137 INFO o.a.j.u.BeanShellTestElement: Count=1
2018-07-09 10:18:39,180 INFO o.a.j.u.BeanShellTestElement: Count=1
2018-07-09 10:18:39,229 INFO o.a.j.u.BeanShellTestElement: Count=1
2018-07-09 10:18:39,260 INFO o.a.j.u.BeanShellTestElement: Count=1
2018-07-09 10:18:39,386 INFO o.a.j.u.BeanShellTestElement: Count=1
2018-07-09 10:18:39,425 INFO o.a.j.u.BeanShellTestElement: Count=1
2018-07-09 10:18:39,445 INFO o.a.j.u.BeanShellTestElement: Count=1
2018-07-09 10:18:39,477 INFO o.a.j.u.BeanShellTestElement: Count=1
2018-07-09 10:18:39,634 INFO o.a.j.u.BeanShellTestElement: Count=1
2018-07-09 10:18:39,662 INFO o.a.j.u.BeanShellTestElement: Count=1
2018-07-09 10:18:39,669 INFO o.a.j.u.BeanShellTestElement: Count=1
2018-07-09 10:18:39,694 INFO o.a.j.u.BeanShellTestElement: Count=1
2018-07-09 10:18:39,885 INFO o.a.j.u.BeanShellTestElement: Count=1
2018-07-09 10:18:39,888 INFO o.a.j.u.BeanShellTestElement: Count=1
2018-07-09 10:18:39,908 INFO o.a.j.u.BeanShellTestElement: Count=1
2018-07-09 10:18:39,918 INFO o.a.j.u.BeanShellTestElement: Count=1
2018-07-09 10:18:40,104 INFO o.a.j.u.BeanShellTestElement: Count=1
2018-07-09 10:18:40,133 INFO o.a.j.u.BeanShellTestElement: Count=1
2018-07-09 10:18:40,137 INFO o.a.j.u.BeanShellTestElement: Count=1
2018-07-09 10:18:40,157 INFO o.a.j.u.BeanShellTestElement: Count=1
2018-07-09 10:18:40,344 INFO o.a.j.u.BeanShellTestElement: Count=1
2018-07-09 10:18:40,355 INFO o.a.j.u.BeanShellTestElement: Count=1
2018-07-09 10:18:40,377 INFO o.a.j.u.BeanShellTestElement: Count=1
2018-07-09 10:18:40,385 INFO o.a.j.u.BeanShellTestElement: Count=1
2018-07-09 10:18:40,570 INFO o.a.j.u.BeanShellTestElement: Count=1
2018-07-09 10:18:40,594 INFO o.a.j.u.BeanShellTestElement: Count=1
2018-07-09 10:18:40,599 INFO o.a.j.u.BeanShellTestElement: Count=1
2018-07-09 10:18:40,626 INFO o.a.j.u.BeanShellTestElement: Count=1
2018-07-09 10:18:40,811 INFO o.a.j.u.BeanShellTestElement: Count=1
2018-07-09 10:18:40,841 INFO o.a.j.u.BeanShellTestElement: Count=1
2018-07-09 10:18:40,841 INFO o.a.j.u.BeanShellTestElement: Count=1
2018-07-09 10:18:40,843 INFO o.a.j.u.BeanShellTestElement: Count=1
2018-07-09 10:18:40,880 INFO o.a.j.u.BeanShellTestElement: Count=1
2018-07-09 10:18:41,042 INFO o.a.j.u.BeanShellTestElement: Count=1
2018-07-09 10:18:41,086 INFO o.a.j.u.BeanShellTestElement: Count=1
2018-07-09 10:18:41,091 INFO o.a.j.u.BeanShellTestElement: Count=1
2018-07-09 10:18:41,103 INFO o.a.j.u.BeanShellTestElement: Count=1
2018-07-09 10:18:41,131 INFO o.a.j.u.BeanShellTestElement: Count=1
2018-07-09 10:18:41,286 INFO o.a.j.u.BeanShellTestElement: Count=1
2018-07-09 10:18:41,298 INFO o.a.j.u.BeanShellTestElement: Count=1
2018-07-09 10:18:41,343 INFO o.a.j.u.BeanShellTestElement: Count=1
2018-07-09 10:18:41,364 INFO o.a.j.u.BeanShellTestElement: Count=1
2018-07-09 10:18:41,377 INFO o.a.j.u.BeanShellTestElement: Count=1
2018-07-09 10:18:41,486 INFO o.a.j.u.BeanShellTestElement: Count=1
2018-07-09 10:18:41,537 INFO o.a.j.u.BeanShellTestElement: Count=1
2018-07-09 10:18:41,593 INFO o.a.j.u.BeanShellTestElement: Count=1
2018-07-09 10:18:41,610 INFO o.a.j.u.BeanShellTestElement: Count=1
2018-07-09 10:18:41,626 INFO o.a.j.u.BeanShellTestElement: Count=1
2018-07-09 10:18:41,671 INFO o.a.j.u.BeanShellTestElement: Count=1
2018-07-09 10:18:41,786 INFO o.a.j.u.BeanShellTestElement: Count=1
2018-07-09 10:18:41,815 INFO o.a.j.u.BeanShellTestElement: Count=1
2018-07-09 10:18:41,871 INFO o.a.j.u.BeanShellTestElement: Count=1
2018-07-09 10:18:41,892 INFO o.a.j.u.BeanShellTestElement: Count=1
2018-07-09 10:18:41,920 INFO o.a.j.u.BeanShellTestElement: Count=1
2018-07-09 10:18:42,029 INFO o.a.j.u.BeanShellTestElement: Count=1
2018-07-09 10:18:42,056 INFO o.a.j.u.BeanShellTestElement: Count=1
2018-07-09 10:18:42,063 INFO o.a.j.u.BeanShellTestElement: Count=1
2018-07-09 10:18:42,139 INFO o.a.j.u.BeanShellTestElement: Count=1
2018-07-09 10:18:42,162 INFO o.a.j.u.BeanShellTestElement: Count=1
2018-07-09 10:18:42,240 INFO o.a.j.u.BeanShellTestElement: Count=1
2018-07-09 10:18:42,278 INFO o.a.j.u.BeanShellTestElement: Count=1
2018-07-09 10:18:42,312 INFO o.a.j.u.BeanShellTestElement: Count=1
2018-07-09 10:18:42,382 INFO o.a.j.u.BeanShellTestElement: Count=1
2018-07-09 10:18:42,411 INFO o.a.j.u.BeanShellTestElement: Count=1
2018-07-09 10:18:42,427 INFO o.a.j.u.BeanShellTestElement: Count=1
2018-07-09 10:18:42,524 INFO o.a.j.u.BeanShellTestElement: Count=1
2018-07-09 10:18:42,554 INFO o.a.j.u.BeanShellTestElement: Count=1
2018-07-09 10:18:42,595 INFO o.a.j.u.BeanShellTestElement: Count=1
2018-07-09 10:18:42,629 INFO o.a.j.u.BeanShellTestElement: Count=1
2018-07-09 10:18:42,677 INFO o.a.j.u.BeanShellTestElement: Count=1
2018-07-09 10:18:42,765 INFO o.a.j.u.BeanShellTestElement: Count=1
2018-07-09 10:18:42,779 INFO o.a.j.u.BeanShellTestElement: Count=1
2018-07-09 10:18:42,803 INFO o.a.j.u.BeanShellTestElement: Count=1
2018-07-09 10:18:42,894 INFO o.a.j.u.BeanShellTestElement: Count=1
2018-07-09 10:18:42,938 INFO o.a.j.u.BeanShellTestElement: Count=1
2018-07-09 10:18:42,967 INFO o.a.j.u.BeanShellTestElement: Count=1
2018-07-09 10:18:43,015 INFO o.a.j.u.BeanShellTestElement: Count=1
2018-07-09 10:18:43,051 INFO o.a.j.u.BeanShellTestElement: Count=1
2018-07-09 10:18:43,138 INFO o.a.j.u.BeanShellTestElement: Count=1
2018-07-09 10:18:43,154 INFO o.a.j.u.BeanShellTestElement: Count=1
2018-07-09 10:18:43,189 INFO o.a.j.u.BeanShellTestElement: Count=1
2018-07-09 10:18:43,265 INFO o.a.j.u.BeanShellTestElement: Count=1
2018-07-09 10:18:43,295 INFO o.a.j.u.BeanShellTestElement: Count=1
2018-07-09 10:18:43,342 INFO o.a.j.u.BeanShellTestElement: Count=1
2018-07-09 10:18:43,385 INFO o.a.j.u.BeanShellTestElement: Count=1
2018-07-09 10:18:43,450 INFO o.a.j.u.BeanShellTestElement: Count=1
2018-07-09 10:18:43,533 INFO o.a.j.u.BeanShellTestElement: Count=1
2018-07-09 10:18:43,544 INFO o.a.j.u.BeanShellTestElement: Count=1
2018-07-09 10:18:43,548 INFO o.a.j.u.BeanShellTestElement: Count=1
2018-07-09 10:18:43,639 INFO o.a.j.u.BeanShellTestElement: Count=1
2018-07-09 10:18:43,721 INFO o.a.j.u.BeanShellTestElement: Count=1
2018-07-09 10:18:43,734 INFO o.a.j.u.BeanShellTestElement: Count=1
2018-07-09 10:18:43,798 INFO o.a.j.u.BeanShellTestElement: Count=1
2018-07-09 10:18:43,814 INFO o.a.j.u.BeanShellTestElement: Count=1
2018-07-09 10:18:43,886 INFO o.a.j.u.BeanShellTestElement: Count=1
2018-07-09 10:18:43,923 INFO o.a.j.u.BeanShellTestElement: Count=1
2018-07-09 10:18:43,971 INFO o.a.j.u.BeanShellTestElement: Count=1
2018-07-09 10:18:44,079 INFO o.a.j.u.BeanShellTestElement: Count=1
2018-07-09 10:18:44,084 INFO o.a.j.u.BeanShellTestElement: Count=1
2018-07-09 10:18:44,114 INFO o.a.j.u.BeanShellTestElement: Count=1
2018-07-09 10:18:44,138 INFO o.a.j.u.BeanShellTestElement: Count=1
2018-07-09 10:18:44,225 INFO o.a.j.u.BeanShellTestElement: Count=1
2018-07-09 10:18:44,302 INFO o.a.j.u.BeanShellTestElement: Count=1
2018-07-09 10:18:44,325 INFO o.a.j.u.BeanShellTestElement: Count=1
2018-07-09 10:18:44,335 INFO o.a.j.u.BeanShellTestElement: Count=1
2018-07-09 10:18:44,386 INFO o.a.j.u.BeanShellTestElement: Count=1
2018-07-09 10:18:44,482 INFO o.a.j.u.BeanShellTestElement: Count=1
2018-07-09 10:18:44,519 INFO o.a.j.u.BeanShellTestElement: Count=1
2018-07-09 10:18:44,554 INFO o.a.j.u.BeanShellTestElement: Count=1
2018-07-09 10:18:44,587 INFO o.a.j.u.BeanShellTestElement: Count=1
2018-07-09 10:18:44,641 INFO o.a.j.u.BeanShellTestElement: Count=1
2018-07-09 10:18:44,707 INFO o.a.j.u.BeanShellTestElement: Count=1
2018-07-09 10:18:44,739 INFO o.a.j.u.BeanShellTestElement: Count=1
2018-07-09 10:18:44,817 INFO o.a.j.u.BeanShellTestElement: Count=1
2018-07-09 10:18:44,849 INFO o.a.j.u.BeanShellTestElement: Count=1
2018-07-09 10:18:44,893 INFO o.a.j.u.BeanShellTestElement: Count=1
2018-07-09 10:18:44,897 INFO o.a.j.u.BeanShellTestElement: Count=1
2018-07-09 10:18:44,992 INFO o.a.j.u.BeanShellTestElement: Count=1
2018-07-09 10:18:45,058 INFO o.a.j.u.BeanShellTestElement: Count=1
2018-07-09 10:18:45,079 INFO o.a.j.u.BeanShellTestElement: Count=1
2018-07-09 10:18:45,098 INFO o.a.j.u.BeanShellTestElement: Count=1
2018-07-09 10:18:45,145 INFO o.a.j.u.BeanShellTestElement: Count=1
2018-07-09 10:18:45,233 INFO o.a.j.u.BeanShellTestElement: Count=1
2018-07-09 10:18:45,264 INFO o.a.j.u.BeanShellTestElement: Count=1
2018-07-09 10:18:45,306 INFO o.a.j.u.BeanShellTestElement: Count=1
2018-07-09 10:18:45,350 INFO o.a.j.u.BeanShellTestElement: Count=1
2018-07-09 10:18:45,387 INFO o.a.j.u.BeanShellTestElement: Count=1
2018-07-09 10:18:45,448 INFO o.a.j.u.BeanShellTestElement: Count=1
2018-07-09 10:18:45,480 INFO o.a.j.u.BeanShellTestElement: Count=1
2018-07-09 10:18:45,553 INFO o.a.j.u.BeanShellTestElement: Count=1
2018-07-09 10:18:45,594 INFO o.a.j.u.BeanShellTestElement: Count=1
2018-07-09 10:18:45,632 INFO o.a.j.u.BeanShellTestElement: Count=1
2018-07-09 10:18:45,634 INFO o.a.j.u.BeanShellTestElement: Count=1
2018-07-09 10:18:45,727 INFO o.a.j.u.BeanShellTestElement: Count=1
2018-07-09 10:18:45,795 INFO o.a.j.u.BeanShellTestElement: Count=1
2018-07-09 10:18:45,816 INFO o.a.j.u.BeanShellTestElement: Count=1
2018-07-09 10:18:45,845 INFO o.a.j.u.BeanShellTestElement: Count=1
2018-07-09 10:18:45,881 INFO o.a.j.u.BeanShellTestElement: Count=1
2018-07-09 10:18:45,967 INFO o.a.j.u.BeanShellTestElement: Count=1
2018-07-09 10:18:46,000 INFO o.a.j.u.BeanShellTestElement: Count=1
2018-07-09 10:18:46,043 INFO o.a.j.u.BeanShellTestElement: Count=1
2018-07-09 10:18:46,093 INFO o.a.j.u.BeanShellTestElement: Count=1
2018-07-09 10:18:46,123 INFO o.a.j.u.BeanShellTestElement: Count=1
2018-07-09 10:18:46,186 INFO o.a.j.u.BeanShellTestElement: Count=1
2018-07-09 10:18:46,214 INFO o.a.j.u.BeanShellTestElement: Count=1
2018-07-09 10:18:46,319 INFO o.a.j.u.BeanShellTestElement: Count=1
2018-07-09 10:18:46,374 INFO o.a.j.u.BeanShellTestElement: Count=1
2018-07-09 10:18:46,382 INFO o.a.j.u.BeanShellTestElement: Count=1
2018-07-09 10:18:46,383 INFO o.a.j.u.BeanShellTestElement: Count=1
2018-07-09 10:18:46,464 INFO o.a.j.u.BeanShellTestElement: Count=1
2018-07-09 10:18:46,568 INFO o.a.j.u.BeanShellTestElement: Count=1
2018-07-09 10:18:46,589 INFO o.a.j.u.BeanShellTestElement: Count=1
2018-07-09 10:18:46,636 INFO o.a.j.u.BeanShellTestElement: Count=1
2018-07-09 10:18:46,653 INFO o.a.j.u.BeanShellTestElement: Count=1
2018-07-09 10:18:46,712 INFO o.a.j.u.BeanShellTestElement: Count=1
2018-07-09 10:18:46,781 INFO o.a.j.u.BeanShellTestElement: Count=1
2018-07-09 10:18:46,818 INFO o.a.j.u.BeanShellTestElement: Count=1
2018-07-09 10:18:46,925 INFO o.a.j.u.BeanShellTestElement: Count=1
2018-07-09 10:18:46,928 INFO o.a.j.u.BeanShellTestElement: Count=1
2018-07-09 10:18:46,965 INFO o.a.j.u.BeanShellTestElement: Count=1
2018-07-09 10:18:46,972 INFO o.a.j.u.BeanShellTestElement: Count=1
2018-07-09 10:18:47,069 INFO o.a.j.u.BeanShellTestElement: Count=1
2018-07-09 10:18:47,154 INFO o.a.j.u.BeanShellTestElement: Count=1
2018-07-09 10:18:47,171 INFO o.a.j.u.BeanShellTestElement: Count=1
2018-07-09 10:18:47,179 INFO o.a.j.u.BeanShellTestElement: Count=1
2018-07-09 10:18:47,222 INFO o.a.j.u.BeanShellTestElement: Count=1
2018-07-09 10:18:47,310 INFO o.a.j.u.BeanShellTestElement: Count=1
2018-07-09 10:18:47,355 INFO o.a.j.u.BeanShellTestElement: Count=1
2018-07-09 10:18:47,404 INFO o.a.j.u.BeanShellTestElement: Count=1
2018-07-09 10:18:47,428 INFO o.a.j.u.BeanShellTestElement: Count=1
2018-07-09 10:18:47,464 INFO o.a.j.u.BeanShellTestElement: Count=1
2018-07-09 10:18:47,539 INFO o.a.j.u.BeanShellTestElement: Count=1
2018-07-09 10:18:47,557 INFO o.a.j.u.BeanShellTestElement: Count=1
2018-07-09 10:18:47,656 INFO o.a.j.u.BeanShellTestElement: Count=1
2018-07-09 10:18:47,671 INFO o.a.j.u.BeanShellTestElement: Count=1
2018-07-09 10:18:47,710 INFO o.a.j.u.BeanShellTestElement: Count=1
2018-07-09 10:18:47,724 INFO o.a.j.u.BeanShellTestElement: Count=1
2018-07-09 10:18:47,802 INFO o.a.j.u.BeanShellTestElement: Count=1
2018-07-09 10:18:47,901 INFO o.a.j.u.BeanShellTestElement: Count=1
2018-07-09 10:18:47,904 INFO o.a.j.u.BeanShellTestElement: Count=1
2018-07-09 10:18:47,920 INFO o.a.j.u.BeanShellTestElement: Count=1
2018-07-09 10:18:47,970 INFO o.a.j.u.BeanShellTestElement: Count=1
2018-07-09 10:18:48,043 INFO o.a.j.u.BeanShellTestElement: Count=1
2018-07-09 10:18:48,091 INFO o.a.j.u.BeanShellTestElement: Count=1
2018-07-09 10:18:48,150 INFO o.a.j.u.BeanShellTestElement: Count=1
2018-07-09 10:18:48,171 INFO o.a.j.u.BeanShellTestElement: Count=1
2018-07-09 10:18:48,215 INFO o.a.j.u.BeanShellTestElement: Count=1
2018-07-09 10:18:48,275 INFO o.a.j.u.BeanShellTestElement: Count=1
2018-07-09 10:18:48,290 INFO o.a.j.u.BeanShellTestElement: Count=1
2018-07-09 10:18:48,399 INFO o.a.j.u.BeanShellTestElement: Count=1
2018-07-09 10:18:48,418 INFO o.a.j.u.BeanShellTestElement: Count=1
2018-07-09 10:18:48,460 INFO o.a.j.u.BeanShellTestElement: Count=1
2018-07-09 10:18:48,464 INFO o.a.j.u.BeanShellTestElement: Count=1
2018-07-09 10:18:48,535 INFO o.a.j.u.BeanShellTestElement: Count=1
2018-07-09 10:18:48,647 INFO o.a.j.u.BeanShellTestElement: Count=1
2018-07-09 10:18:48,651 INFO o.a.j.u.BeanShellTestElement: Count=1
2018-07-09 10:18:48,669 INFO o.a.j.u.BeanShellTestElement: Count=1
2018-07-09 10:18:48,711 INFO o.a.j.u.BeanShellTestElement: Count=1
2018-07-09 10:18:48,775 INFO o.a.j.u.BeanShellTestElement: Count=1
2018-07-09 10:18:48,835 INFO o.a.j.u.BeanShellTestElement: Count=1
2018-07-09 10:18:48,895 INFO o.a.j.u.BeanShellTestElement: Count=1
2018-07-09 10:18:48,916 INFO o.a.j.u.BeanShellTestElement: Count=1
2018-07-09 10:18:48,952 INFO o.a.j.u.BeanShellTestElement: Count=1
2018-07-09 10:18:49,021 INFO o.a.j.u.BeanShellTestElement: Count=1
2018-07-09 10:18:49,025 INFO o.a.j.u.BeanShellTestElement: Count=1
2018-07-09 10:18:49,146 INFO o.a.j.u.BeanShellTestElement: Count=1
2018-07-09 10:18:49,173 INFO o.a.j.u.BeanShellTestElement: Count=1
2018-07-09 10:18:49,203 INFO o.a.j.u.BeanShellTestElement: Count=1
2018-07-09 10:18:49,214 INFO o.a.j.u.BeanShellTestElement: Count=1
2018-07-09 10:18:49,312 INFO o.a.j.u.BeanShellTestElement: Count=1
2018-07-09 10:18:49,387 INFO o.a.j.u.BeanShellTestElement: Count=1
2018-07-09 10:18:49,415 INFO o.a.j.u.BeanShellTestElement: Count=1
2018-07-09 10:18:49,458 INFO o.a.j.u.BeanShellTestElement: Count=1
2018-07-09 10:18:49,461 INFO o.a.j.u.BeanShellTestElement: Count=1
2018-07-09 10:18:49,556 INFO o.a.j.u.BeanShellTestElement: Count=1
2018-07-09 10:18:49,600 INFO o.a.j.u.BeanShellTestElement: Count=1
2018-07-09 10:18:49,671 INFO o.a.j.u.BeanShellTestElement: Count=1
2018-07-09 10:18:49,710 INFO o.a.j.u.BeanShellTestElement: Count=1
2018-07-09 10:18:49,743 INFO o.a.j.u.BeanShellTestElement: Count=1
2018-07-09 10:18:49,790 INFO o.a.j.u.BeanShellTestElement: Count=1
2018-07-09 10:18:49,805 INFO o.a.j.u.BeanShellTestElement: Count=1
2018-07-09 10:18:49,830 INFO o.a.j.g.a.Start: Stopping test
2018-07-09 10:18:49,840 INFO o.a.j.t.JMeterThread: Stopping: Thread Group 1-2
2018-07-09 10:18:49,840 WARN o.a.j.t.JMeterThread: Sampler is not Interruptible: JDBC Request
2018-07-09 10:18:49,840 INFO o.a.j.t.JMeterThread: Stopping: Thread Group 1-1
2018-07-09 10:18:49,840 WARN o.a.j.t.JMeterThread: Sampler is not Interruptible: JDBC Request
2018-07-09 10:18:49,840 INFO o.a.j.t.JMeterThread: Stopping: Thread Group 1-3
2018-07-09 10:18:49,840 WARN o.a.j.t.JMeterThread: Sampler is not Interruptible: JDBC Request
2018-07-09 10:18:49,841 INFO o.a.j.t.JMeterThread: Stopping: Thread Group 1-5
2018-07-09 10:18:49,841 WARN o.a.j.t.JMeterThread: Sampler is not Interruptible: JDBC Request
2018-07-09 10:18:49,841 INFO o.a.j.t.JMeterThread: Stopping: Thread Group 1-4
2018-07-09 10:18:49,841 WARN o.a.j.t.JMeterThread: Sampler is not Interruptible: JDBC Request
2018-07-09 10:18:49,926 INFO o.a.j.u.BeanShellTestElement: Count=1
2018-07-09 10:18:49,926 INFO o.a.j.t.JMeterThread: Thread finished: Thread Group 1-2
2018-07-09 10:18:49,957 INFO o.a.j.u.BeanShellTestElement: Count=1
2018-07-09 10:18:49,958 INFO o.a.j.t.JMeterThread: Thread finished: Thread Group 1-5
2018-07-09 10:18:49,975 INFO o.a.j.u.BeanShellTestElement: Count=1
2018-07-09 10:18:49,975 INFO o.a.j.t.JMeterThread: Thread finished: Thread Group 1-1
2018-07-09 10:18:49,995 INFO o.a.j.u.BeanShellTestElement: Count=1
2018-07-09 10:18:49,996 INFO o.a.j.t.JMeterThread: Thread finished: Thread Group 1-3
2018-07-09 10:18:50,053 INFO o.a.j.u.BeanShellTestElement: Count=1
2018-07-09 10:18:50,053 INFO o.a.j.t.JMeterThread: Thread finished: Thread Group 1-4
2018-07-09 10:18:50,053 INFO o.a.j.e.StandardJMeterEngine: Notifying test listeners of end of test
2018-07-09 10:18:50,054 INFO o.a.j.s.FileServer: Close: C:\Users\tdwivedi\Desktop\DB Purge\table_name.txt
2018-07-09 10:18:50,927 INFO o.a.j.g.u.JMeterMenuBar: setRunning(false, *local*)
2018-07-09 12:57:17,512 INFO o.a.j.g.a.Load: Loading file: D:\Sapient backup\TUI Perf_Scripts\ScriptBackUP\DP_All_Peak_without_assets_4mar.jmx
2018-07-09 12:57:17,512 INFO o.a.j.s.FileServer: Set new base='D:\Sapient backup\TUI Perf_Scripts\ScriptBackUP'
2018-07-09 12:57:17,512 INFO o.a.j.s.SaveService: Loading file: D:\Sapient backup\TUI Perf_Scripts\ScriptBackUP\DP_All_Peak_without_assets_4mar.jmx
2018-07-09 12:57:17,546 INFO o.a.j.p.h.c.CookieManager: Settings: Delete null: true Check: true Allow variable: true Save: false Prefix: COOKIE_
2018-07-09 12:57:17,594 INFO o.a.j.p.h.c.CacheManager: Will only cache the following methods: [GET]
2018-07-09 12:57:17,768 INFO o.a.j.s.FileServer: Set new base='D:\Sapient backup\TUI Perf_Scripts\ScriptBackUP'
2018-07-09 12:58:43,765 INFO o.a.j.g.a.Load: Loading file: D:\GIT\JenkinsDemo\DB_Plan.jmx
2018-07-09 12:58:43,765 INFO o.a.j.s.FileServer: Set new base='D:\GIT\JenkinsDemo'
2018-07-09 12:58:43,765 INFO o.a.j.s.SaveService: Loading file: D:\GIT\JenkinsDemo\DB_Plan.jmx
2018-07-09 12:58:43,844 INFO o.a.j.s.FileServer: Set new base='D:\GIT\JenkinsDemo'
2018-07-09 12:58:43,845 ERROR o.a.j.JMeter: Uncaught exception: 
java.lang.NullPointerException: null
	at javax.swing.plaf.basic.BasicTreeUI.getDropLineRect(Unknown Source) ~[?:1.8.0_161]
	at javax.swing.plaf.basic.BasicTreeUI$Handler.repaintDropLocation(Unknown Source) ~[?:1.8.0_161]
	at javax.swing.plaf.basic.BasicTreeUI$Handler.propertyChange(Unknown Source) ~[?:1.8.0_161]
	at java.beans.PropertyChangeSupport.fire(Unknown Source) ~[?:1.8.0_161]
	at java.beans.PropertyChangeSupport.firePropertyChange(Unknown Source) ~[?:1.8.0_161]
	at java.beans.PropertyChangeSupport.firePropertyChange(Unknown Source) ~[?:1.8.0_161]
	at java.awt.Component.firePropertyChange(Unknown Source) ~[?:1.8.0_161]
	at javax.swing.JTree.setDropLocation(Unknown Source) ~[?:1.8.0_161]
	at javax.swing.TransferHandler$DropHandler.setComponentDropLocation(Unknown Source) ~[?:1.8.0_161]
	at javax.swing.TransferHandler$DropHandler.cleanup(Unknown Source) ~[?:1.8.0_161]
	at javax.swing.TransferHandler$DropHandler.drop(Unknown Source) ~[?:1.8.0_161]
	at java.awt.dnd.DropTarget.drop(Unknown Source) ~[?:1.8.0_161]
	at javax.swing.TransferHandler$SwingDropTarget.drop(Unknown Source) ~[?:1.8.0_161]
	at sun.awt.dnd.SunDropTargetContextPeer.processDropMessage(Unknown Source) ~[?:1.8.0_161]
	at sun.awt.dnd.SunDropTargetContextPeer$EventDispatcher.dispatchDropEvent(Unknown Source) ~[?:1.8.0_161]
	at sun.awt.dnd.SunDropTargetContextPeer$EventDispatcher.dispatchEvent(Unknown Source) ~[?:1.8.0_161]
	at sun.awt.dnd.SunDropTargetEvent.dispatch(Unknown Source) ~[?:1.8.0_161]
	at java.awt.Component.dispatchEventImpl(Unknown Source) ~[?:1.8.0_161]
	at java.awt.Container.dispatchEventImpl(Unknown Source) ~[?:1.8.0_161]
	at java.awt.Component.dispatchEvent(Unknown Source) ~[?:1.8.0_161]
	at java.awt.LightweightDispatcher.retargetMouseEvent(Unknown Source) ~[?:1.8.0_161]
	at java.awt.LightweightDispatcher.processDropTargetEvent(Unknown Source) ~[?:1.8.0_161]
	at java.awt.LightweightDispatcher.dispatchEvent(Unknown Source) ~[?:1.8.0_161]
	at java.awt.Container.dispatchEventImpl(Unknown Source) ~[?:1.8.0_161]
	at java.awt.Window.dispatchEventImpl(Unknown Source) ~[?:1.8.0_161]
	at java.awt.Component.dispatchEvent(Unknown Source) ~[?:1.8.0_161]
	at java.awt.EventQueue.dispatchEventImpl(Unknown Source) ~[?:1.8.0_161]
	at java.awt.EventQueue.access$500(Unknown Source) ~[?:1.8.0_161]
	at java.awt.EventQueue$3.run(Unknown Source) ~[?:1.8.0_161]
	at java.awt.EventQueue$3.run(Unknown Source) ~[?:1.8.0_161]
	at java.security.AccessController.doPrivileged(Native Method) ~[?:1.8.0_161]
	at java.security.ProtectionDomain$JavaSecurityAccessImpl.doIntersectionPrivilege(Unknown Source) ~[?:1.8.0_161]
	at java.security.ProtectionDomain$JavaSecurityAccessImpl.doIntersectionPrivilege(Unknown Source) ~[?:1.8.0_161]
	at java.awt.EventQueue$4.run(Unknown Source) ~[?:1.8.0_161]
	at java.awt.EventQueue$4.run(Unknown Source) ~[?:1.8.0_161]
	at java.security.AccessController.doPrivileged(Native Method) ~[?:1.8.0_161]
	at java.security.ProtectionDomain$JavaSecurityAccessImpl.doIntersectionPrivilege(Unknown Source) ~[?:1.8.0_161]
	at java.awt.EventQueue.dispatchEvent(Unknown Source) ~[?:1.8.0_161]
	at java.awt.EventDispatchThread.pumpOneEventForFilters(Unknown Source) [?:1.8.0_161]
	at java.awt.EventDispatchThread.pumpEventsForFilter(Unknown Source) [?:1.8.0_161]
	at java.awt.EventDispatchThread.pumpEventsForHierarchy(Unknown Source) [?:1.8.0_161]
	at java.awt.EventDispatchThread.pumpEvents(Unknown Source) [?:1.8.0_161]
	at java.awt.EventDispatchThread.pumpEvents(Unknown Source) [?:1.8.0_161]
	at java.awt.EventDispatchThread.run(Unknown Source) [?:1.8.0_161]
